<?xml version="1.0" encoding="UTF-8"?>
<!-- Generated by org.testng.reporters.JUnitReportReporter -->
<testsuite hostname="DESKTOP-KNS1RQQ" failures="0" tests="1" name="com.actitime.test.CreateCuntomer" time="0.015" errors="0" timestamp="2024-08-06T00:03:46 IST" skipped="0">
  <testcase classname="com.actitime.test.CreateCuntomer" name="createCustomer" time="0.015">
    <system-out>
      <![CDATA[IS PaSsed]]>
    </system-out>
  </testcase> <!-- createCustomer -->
  <system-out>
    <![CDATA[IS PaSsed]]>
  </system-out>
</testsuite> <!-- com.actitime.test.CreateCuntomer -->
